{
  "D:\\study\\FYP\\WE_front\\src\\globals\\fontawesome.js": {
    "path": "D:\\study\\FYP\\WE_front\\src\\globals\\fontawesome.js",
    "statementMap": {
      "0": {
        "start": {
          "line": 11,
          "column": 0
        },
        "end": {
          "line": 11,
          "column": 77
        }
      }
    },
    "fnMap": {},
    "branchMap": {},
    "s": {
      "0": 3
    },
    "f": {},
    "b": {},
    "_coverageSchema": "1a1c01bbd47fc00a2c39e90264f33305004495a9",
    "hash": "bece20a9f763e451a59ad199a45575069c2ab4c9"
  },
  "D:\\study\\FYP\\WE_front\\src\\api\\ajax.js": {
    "path": "D:\\study\\FYP\\WE_front\\src\\api\\ajax.js",
    "statementMap": {
      "0": {
        "start": {
          "line": 4,
          "column": 2
        },
        "end": {
          "line": 22,
          "column": 3
        }
      },
      "1": {
        "start": {
          "line": 7,
          "column": 4
        },
        "end": {
          "line": 19,
          "column": 5
        }
      },
      "2": {
        "start": {
          "line": 8,
          "column": 6
        },
        "end": {
          "line": 8,
          "column": 27
        }
      },
      "3": {
        "start": {
          "line": 10,
          "column": 21
        },
        "end": {
          "line": 10,
          "column": 23
        }
      },
      "4": {
        "start": {
          "line": 11,
          "column": 6
        },
        "end": {
          "line": 13,
          "column": 8
        }
      },
      "5": {
        "start": {
          "line": 12,
          "column": 8
        },
        "end": {
          "line": 12,
          "column": 47
        }
      },
      "6": {
        "start": {
          "line": 14,
          "column": 6
        },
        "end": {
          "line": 17,
          "column": 7
        }
      },
      "7": {
        "start": {
          "line": 15,
          "column": 8
        },
        "end": {
          "line": 15,
          "column": 67
        }
      },
      "8": {
        "start": {
          "line": 16,
          "column": 8
        },
        "end": {
          "line": 16,
          "column": 34
        }
      },
      "9": {
        "start": {
          "line": 18,
          "column": 6
        },
        "end": {
          "line": 18,
          "column": 27
        }
      },
      "10": {
        "start": {
          "line": 21,
          "column": 4
        },
        "end": {
          "line": 21,
          "column": 32
        }
      }
    },
    "fnMap": {
      "0": {
        "name": "ajax",
        "decl": {
          "start": {
            "line": 3,
            "column": 24
          },
          "end": {
            "line": 3,
            "column": 28
          }
        },
        "loc": {
          "start": {
            "line": 3,
            "column": 61
          },
          "end": {
            "line": 23,
            "column": 1
          }
        },
        "line": 3
      },
      "1": {
        "name": "(anonymous_1)",
        "decl": {
          "start": {
            "line": 11,
            "column": 31
          },
          "end": {
            "line": 11,
            "column": 32
          }
        },
        "loc": {
          "start": {
            "line": 11,
            "column": 38
          },
          "end": {
            "line": 13,
            "column": 7
          }
        },
        "line": 11
      }
    },
    "branchMap": {
      "0": {
        "loc": {
          "start": {
            "line": 3,
            "column": 35
          },
          "end": {
            "line": 3,
            "column": 44
          }
        },
        "type": "default-arg",
        "locations": [
          {
            "start": {
              "line": 3,
              "column": 42
            },
            "end": {
              "line": 3,
              "column": 44
            }
          }
        ],
        "line": 3
      },
      "1": {
        "loc": {
          "start": {
            "line": 3,
            "column": 46
          },
          "end": {
            "line": 3,
            "column": 59
          }
        },
        "type": "default-arg",
        "locations": [
          {
            "start": {
              "line": 3,
              "column": 54
            },
            "end": {
              "line": 3,
              "column": 59
            }
          }
        ],
        "line": 3
      },
      "2": {
        "loc": {
          "start": {
            "line": 4,
            "column": 2
          },
          "end": {
            "line": 22,
            "column": 3
          }
        },
        "type": "if",
        "locations": [
          {
            "start": {
              "line": 4,
              "column": 2
            },
            "end": {
              "line": 22,
              "column": 3
            }
          },
          {
            "start": {
              "line": 4,
              "column": 2
            },
            "end": {
              "line": 22,
              "column": 3
            }
          }
        ],
        "line": 4
      },
      "3": {
        "loc": {
          "start": {
            "line": 7,
            "column": 4
          },
          "end": {
            "line": 19,
            "column": 5
          }
        },
        "type": "if",
        "locations": [
          {
            "start": {
              "line": 7,
              "column": 4
            },
            "end": {
              "line": 19,
              "column": 5
            }
          },
          {
            "start": {
              "line": 7,
              "column": 4
            },
            "end": {
              "line": 19,
              "column": 5
            }
          }
        ],
        "line": 7
      },
      "4": {
        "loc": {
          "start": {
            "line": 14,
            "column": 6
          },
          "end": {
            "line": 17,
            "column": 7
          }
        },
        "type": "if",
        "locations": [
          {
            "start": {
              "line": 14,
              "column": 6
            },
            "end": {
              "line": 17,
              "column": 7
            }
          },
          {
            "start": {
              "line": 14,
              "column": 6
            },
            "end": {
              "line": 17,
              "column": 7
            }
          }
        ],
        "line": 14
      }
    },
    "s": {
      "0": 4,
      "1": 0,
      "2": 0,
      "3": 0,
      "4": 0,
      "5": 0,
      "6": 0,
      "7": 0,
      "8": 0,
      "9": 0,
      "10": 4
    },
    "f": {
      "0": 4,
      "1": 0
    },
    "b": {
      "0": [
        0
      ],
      "1": [
        0
      ],
      "2": [
        0,
        4
      ],
      "3": [
        0,
        0
      ],
      "4": [
        0,
        0
      ]
    },
    "_coverageSchema": "1a1c01bbd47fc00a2c39e90264f33305004495a9",
    "hash": "f524493f1b69ea0c468073db3dc9fcaa6c5ab5d9"
  },
  "D:\\study\\FYP\\WE_front\\src\\api\\index.js": {
    "path": "D:\\study\\FYP\\WE_front\\src\\api\\index.js",
    "statementMap": {
      "0": {
        "start": {
          "line": 4,
          "column": 25
        },
        "end": {
          "line": 4,
          "column": 72
        }
      },
      "1": {
        "start": {
          "line": 4,
          "column": 33
        },
        "end": {
          "line": 4,
          "column": 72
        }
      },
      "2": {
        "start": {
          "line": 7,
          "column": 22
        },
        "end": {
          "line": 7,
          "column": 90
        }
      },
      "3": {
        "start": {
          "line": 7,
          "column": 42
        },
        "end": {
          "line": 7,
          "column": 90
        }
      },
      "4": {
        "start": {
          "line": 10,
          "column": 27
        },
        "end": {
          "line": 10,
          "column": 72
        }
      },
      "5": {
        "start": {
          "line": 10,
          "column": 35
        },
        "end": {
          "line": 10,
          "column": 72
        }
      },
      "6": {
        "start": {
          "line": 13,
          "column": 21
        },
        "end": {
          "line": 13,
          "column": 43
        }
      },
      "7": {
        "start": {
          "line": 13,
          "column": 25
        },
        "end": {
          "line": 13,
          "column": 43
        }
      },
      "8": {
        "start": {
          "line": 16,
          "column": 25
        },
        "end": {
          "line": 16,
          "column": 79
        }
      },
      "9": {
        "start": {
          "line": 16,
          "column": 33
        },
        "end": {
          "line": 16,
          "column": 79
        }
      },
      "10": {
        "start": {
          "line": 19,
          "column": 28
        },
        "end": {
          "line": 19,
          "column": 52
        }
      },
      "11": {
        "start": {
          "line": 19,
          "column": 32
        },
        "end": {
          "line": 19,
          "column": 52
        }
      },
      "12": {
        "start": {
          "line": 22,
          "column": 24
        },
        "end": {
          "line": 22,
          "column": 74
        }
      },
      "13": {
        "start": {
          "line": 22,
          "column": 32
        },
        "end": {
          "line": 22,
          "column": 74
        }
      },
      "14": {
        "start": {
          "line": 25,
          "column": 26
        },
        "end": {
          "line": 25,
          "column": 99
        }
      },
      "15": {
        "start": {
          "line": 25,
          "column": 48
        },
        "end": {
          "line": 25,
          "column": 99
        }
      },
      "16": {
        "start": {
          "line": 28,
          "column": 27
        },
        "end": {
          "line": 28,
          "column": 70
        }
      },
      "17": {
        "start": {
          "line": 28,
          "column": 36
        },
        "end": {
          "line": 28,
          "column": 70
        }
      },
      "18": {
        "start": {
          "line": 30,
          "column": 26
        },
        "end": {
          "line": 30,
          "column": 75
        }
      },
      "19": {
        "start": {
          "line": 30,
          "column": 35
        },
        "end": {
          "line": 30,
          "column": 75
        }
      },
      "20": {
        "start": {
          "line": 32,
          "column": 26
        },
        "end": {
          "line": 32,
          "column": 81
        }
      },
      "21": {
        "start": {
          "line": 32,
          "column": 35
        },
        "end": {
          "line": 32,
          "column": 81
        }
      },
      "22": {
        "start": {
          "line": 36,
          "column": 23
        },
        "end": {
          "line": 36,
          "column": 130
        }
      },
      "23": {
        "start": {
          "line": 36,
          "column": 27
        },
        "end": {
          "line": 36,
          "column": 130
        }
      },
      "24": {
        "start": {
          "line": 38,
          "column": 29
        },
        "end": {
          "line": 38,
          "column": 92
        }
      },
      "25": {
        "start": {
          "line": 38,
          "column": 38
        },
        "end": {
          "line": 38,
          "column": 92
        }
      }
    },
    "fnMap": {
      "0": {
        "name": "(anonymous_0)",
        "decl": {
          "start": {
            "line": 4,
            "column": 25
          },
          "end": {
            "line": 4,
            "column": 26
          }
        },
        "loc": {
          "start": {
            "line": 4,
            "column": 33
          },
          "end": {
            "line": 4,
            "column": 72
          }
        },
        "line": 4
      },
      "1": {
        "name": "(anonymous_1)",
        "decl": {
          "start": {
            "line": 7,
            "column": 22
          },
          "end": {
            "line": 7,
            "column": 23
          }
        },
        "loc": {
          "start": {
            "line": 7,
            "column": 42
          },
          "end": {
            "line": 7,
            "column": 90
          }
        },
        "line": 7
      },
      "2": {
        "name": "(anonymous_2)",
        "decl": {
          "start": {
            "line": 10,
            "column": 27
          },
          "end": {
            "line": 10,
            "column": 28
          }
        },
        "loc": {
          "start": {
            "line": 10,
            "column": 35
          },
          "end": {
            "line": 10,
            "column": 72
          }
        },
        "line": 10
      },
      "3": {
        "name": "(anonymous_3)",
        "decl": {
          "start": {
            "line": 13,
            "column": 21
          },
          "end": {
            "line": 13,
            "column": 22
          }
        },
        "loc": {
          "start": {
            "line": 13,
            "column": 25
          },
          "end": {
            "line": 13,
            "column": 43
          }
        },
        "line": 13
      },
      "4": {
        "name": "(anonymous_4)",
        "decl": {
          "start": {
            "line": 16,
            "column": 25
          },
          "end": {
            "line": 16,
            "column": 26
          }
        },
        "loc": {
          "start": {
            "line": 16,
            "column": 33
          },
          "end": {
            "line": 16,
            "column": 79
          }
        },
        "line": 16
      },
      "5": {
        "name": "(anonymous_5)",
        "decl": {
          "start": {
            "line": 19,
            "column": 28
          },
          "end": {
            "line": 19,
            "column": 29
          }
        },
        "loc": {
          "start": {
            "line": 19,
            "column": 32
          },
          "end": {
            "line": 19,
            "column": 52
          }
        },
        "line": 19
      },
      "6": {
        "name": "(anonymous_6)",
        "decl": {
          "start": {
            "line": 22,
            "column": 24
          },
          "end": {
            "line": 22,
            "column": 25
          }
        },
        "loc": {
          "start": {
            "line": 22,
            "column": 32
          },
          "end": {
            "line": 22,
            "column": 74
          }
        },
        "line": 22
      },
      "7": {
        "name": "(anonymous_7)",
        "decl": {
          "start": {
            "line": 25,
            "column": 26
          },
          "end": {
            "line": 25,
            "column": 27
          }
        },
        "loc": {
          "start": {
            "line": 25,
            "column": 48
          },
          "end": {
            "line": 25,
            "column": 99
          }
        },
        "line": 25
      },
      "8": {
        "name": "(anonymous_8)",
        "decl": {
          "start": {
            "line": 28,
            "column": 27
          },
          "end": {
            "line": 28,
            "column": 28
          }
        },
        "loc": {
          "start": {
            "line": 28,
            "column": 36
          },
          "end": {
            "line": 28,
            "column": 70
          }
        },
        "line": 28
      },
      "9": {
        "name": "(anonymous_9)",
        "decl": {
          "start": {
            "line": 30,
            "column": 26
          },
          "end": {
            "line": 30,
            "column": 27
          }
        },
        "loc": {
          "start": {
            "line": 30,
            "column": 35
          },
          "end": {
            "line": 30,
            "column": 75
          }
        },
        "line": 30
      },
      "10": {
        "name": "(anonymous_10)",
        "decl": {
          "start": {
            "line": 32,
            "column": 26
          },
          "end": {
            "line": 32,
            "column": 27
          }
        },
        "loc": {
          "start": {
            "line": 32,
            "column": 35
          },
          "end": {
            "line": 32,
            "column": 81
          }
        },
        "line": 32
      },
      "11": {
        "name": "(anonymous_11)",
        "decl": {
          "start": {
            "line": 36,
            "column": 23
          },
          "end": {
            "line": 36,
            "column": 24
          }
        },
        "loc": {
          "start": {
            "line": 36,
            "column": 27
          },
          "end": {
            "line": 36,
            "column": 130
          }
        },
        "line": 36
      },
      "12": {
        "name": "(anonymous_12)",
        "decl": {
          "start": {
            "line": 38,
            "column": 29
          },
          "end": {
            "line": 38,
            "column": 30
          }
        },
        "loc": {
          "start": {
            "line": 38,
            "column": 38
          },
          "end": {
            "line": 38,
            "column": 92
          }
        },
        "line": 38
      }
    },
    "branchMap": {},
    "s": {
      "0": 3,
      "1": 0,
      "2": 3,
      "3": 4,
      "4": 3,
      "5": 0,
      "6": 3,
      "7": 0,
      "8": 3,
      "9": 0,
      "10": 3,
      "11": 0,
      "12": 3,
      "13": 0,
      "14": 3,
      "15": 0,
      "16": 3,
      "17": 0,
      "18": 3,
      "19": 0,
      "20": 3,
      "21": 0,
      "22": 3,
      "23": 0,
      "24": 3,
      "25": 0
    },
    "f": {
      "0": 0,
      "1": 4,
      "2": 0,
      "3": 0,
      "4": 0,
      "5": 0,
      "6": 0,
      "7": 0,
      "8": 0,
      "9": 0,
      "10": 0,
      "11": 0,
      "12": 0
    },
    "b": {},
    "_coverageSchema": "1a1c01bbd47fc00a2c39e90264f33305004495a9",
    "hash": "767f2032ee54af23dd0347af342abce91cf78c0a"
  },
  "D:\\study\\FYP\\WE_front\\src\\redux\\action-types.js": {
    "path": "D:\\study\\FYP\\WE_front\\src\\redux\\action-types.js",
    "statementMap": {
      "0": {
        "start": {
          "line": 3,
          "column": 26
        },
        "end": {
          "line": 3,
          "column": 40
        }
      },
      "1": {
        "start": {
          "line": 4,
          "column": 23
        },
        "end": {
          "line": 4,
          "column": 34
        }
      },
      "2": {
        "start": {
          "line": 5,
          "column": 25
        },
        "end": {
          "line": 5,
          "column": 38
        }
      },
      "3": {
        "start": {
          "line": 6,
          "column": 24
        },
        "end": {
          "line": 6,
          "column": 36
        }
      },
      "4": {
        "start": {
          "line": 7,
          "column": 30
        },
        "end": {
          "line": 7,
          "column": 48
        }
      },
      "5": {
        "start": {
          "line": 8,
          "column": 30
        },
        "end": {
          "line": 8,
          "column": 48
        }
      },
      "6": {
        "start": {
          "line": 9,
          "column": 29
        },
        "end": {
          "line": 9,
          "column": 46
        }
      },
      "7": {
        "start": {
          "line": 10,
          "column": 22
        },
        "end": {
          "line": 10,
          "column": 32
        }
      },
      "8": {
        "start": {
          "line": 11,
          "column": 31
        },
        "end": {
          "line": 11,
          "column": 50
        }
      },
      "9": {
        "start": {
          "line": 12,
          "column": 34
        },
        "end": {
          "line": 12,
          "column": 56
        }
      },
      "10": {
        "start": {
          "line": 13,
          "column": 27
        },
        "end": {
          "line": 13,
          "column": 42
        }
      },
      "11": {
        "start": {
          "line": 14,
          "column": 33
        },
        "end": {
          "line": 14,
          "column": 54
        }
      }
    },
    "fnMap": {},
    "branchMap": {},
    "s": {
      "0": 3,
      "1": 3,
      "2": 3,
      "3": 3,
      "4": 3,
      "5": 3,
      "6": 3,
      "7": 3,
      "8": 3,
      "9": 3,
      "10": 3,
      "11": 3
    },
    "f": {},
    "b": {},
    "_coverageSchema": "1a1c01bbd47fc00a2c39e90264f33305004495a9",
    "hash": "ef028f7ae24e9e69e361b50090225a1296098422"
  },
  "D:\\study\\FYP\\WE_front\\src\\redux\\actions.js": {
    "path": "D:\\study\\FYP\\WE_front\\src\\redux\\actions.js",
    "statementMap": {
      "0": {
        "start": {
          "line": 42,
          "column": 2
        },
        "end": {
          "line": 53,
          "column": 3
        }
      },
      "1": {
        "start": {
          "line": 44,
          "column": 4
        },
        "end": {
          "line": 44,
          "column": 41
        }
      },
      "2": {
        "start": {
          "line": 46,
          "column": 4
        },
        "end": {
          "line": 52,
          "column": 6
        }
      },
      "3": {
        "start": {
          "line": 47,
          "column": 6
        },
        "end": {
          "line": 47,
          "column": 40
        }
      },
      "4": {
        "start": {
          "line": 49,
          "column": 6
        },
        "end": {
          "line": 51,
          "column": 7
        }
      },
      "5": {
        "start": {
          "line": 50,
          "column": 8
        },
        "end": {
          "line": 50,
          "column": 49
        }
      },
      "6": {
        "start": {
          "line": 58,
          "column": 2
        },
        "end": {
          "line": 58,
          "column": 25
        }
      },
      "7": {
        "start": {
          "line": 59,
          "column": 21
        },
        "end": {
          "line": 59,
          "column": 43
        }
      },
      "8": {
        "start": {
          "line": 60,
          "column": 14
        },
        "end": {
          "line": 60,
          "column": 29
        }
      },
      "9": {
        "start": {
          "line": 61,
          "column": 2
        },
        "end": {
          "line": 65,
          "column": 3
        }
      },
      "10": {
        "start": {
          "line": 62,
          "column": 32
        },
        "end": {
          "line": 62,
          "column": 40
        }
      },
      "11": {
        "start": {
          "line": 64,
          "column": 4
        },
        "end": {
          "line": 64,
          "column": 46
        }
      },
      "12": {
        "start": {
          "line": 69,
          "column": 20
        },
        "end": {
          "line": 72,
          "column": 2
        }
      },
      "13": {
        "start": {
          "line": 69,
          "column": 29
        },
        "end": {
          "line": 72,
          "column": 1
        }
      },
      "14": {
        "start": {
          "line": 75,
          "column": 17
        },
        "end": {
          "line": 78,
          "column": 2
        }
      },
      "15": {
        "start": {
          "line": 75,
          "column": 25
        },
        "end": {
          "line": 78,
          "column": 1
        }
      },
      "16": {
        "start": {
          "line": 80,
          "column": 19
        },
        "end": {
          "line": 83,
          "column": 2
        }
      },
      "17": {
        "start": {
          "line": 80,
          "column": 28
        },
        "end": {
          "line": 83,
          "column": 1
        }
      },
      "18": {
        "start": {
          "line": 85,
          "column": 24
        },
        "end": {
          "line": 88,
          "column": 2
        }
      },
      "19": {
        "start": {
          "line": 85,
          "column": 32
        },
        "end": {
          "line": 88,
          "column": 1
        }
      },
      "20": {
        "start": {
          "line": 90,
          "column": 31
        },
        "end": {
          "line": 93,
          "column": 2
        }
      },
      "21": {
        "start": {
          "line": 90,
          "column": 44
        },
        "end": {
          "line": 93,
          "column": 1
        }
      },
      "22": {
        "start": {
          "line": 95,
          "column": 13
        },
        "end": {
          "line": 98,
          "column": 2
        }
      },
      "23": {
        "start": {
          "line": 95,
          "column": 46
        },
        "end": {
          "line": 98,
          "column": 1
        }
      },
      "24": {
        "start": {
          "line": 100,
          "column": 22
        },
        "end": {
          "line": 103,
          "column": 2
        }
      },
      "25": {
        "start": {
          "line": 100,
          "column": 45
        },
        "end": {
          "line": 103,
          "column": 1
        }
      },
      "26": {
        "start": {
          "line": 105,
          "column": 17
        },
        "end": {
          "line": 108,
          "column": 2
        }
      },
      "27": {
        "start": {
          "line": 105,
          "column": 39
        },
        "end": {
          "line": 108,
          "column": 1
        }
      },
      "28": {
        "start": {
          "line": 110,
          "column": 25
        },
        "end": {
          "line": 113,
          "column": 2
        }
      },
      "29": {
        "start": {
          "line": 110,
          "column": 39
        },
        "end": {
          "line": 113,
          "column": 1
        }
      },
      "30": {
        "start": {
          "line": 115,
          "column": 27
        },
        "end": {
          "line": 118,
          "column": 2
        }
      },
      "31": {
        "start": {
          "line": 115,
          "column": 35
        },
        "end": {
          "line": 118,
          "column": 1
        }
      },
      "32": {
        "start": {
          "line": 120,
          "column": 20
        },
        "end": {
          "line": 123,
          "column": 2
        }
      },
      "33": {
        "start": {
          "line": 120,
          "column": 38
        },
        "end": {
          "line": 123,
          "column": 1
        }
      },
      "34": {
        "start": {
          "line": 125,
          "column": 27
        },
        "end": {
          "line": 128,
          "column": 2
        }
      },
      "35": {
        "start": {
          "line": 125,
          "column": 43
        },
        "end": {
          "line": 128,
          "column": 1
        }
      },
      "36": {
        "start": {
          "line": 131,
          "column": 24
        },
        "end": {
          "line": 167,
          "column": 1
        }
      },
      "37": {
        "start": {
          "line": 132,
          "column": 2
        },
        "end": {
          "line": 132,
          "column": 21
        }
      },
      "38": {
        "start": {
          "line": 134,
          "column": 14
        },
        "end": {
          "line": 134,
          "column": 54
        }
      },
      "39": {
        "start": {
          "line": 135,
          "column": 2
        },
        "end": {
          "line": 138,
          "column": 3
        }
      },
      "40": {
        "start": {
          "line": 136,
          "column": 4
        },
        "end": {
          "line": 136,
          "column": 66
        }
      },
      "41": {
        "start": {
          "line": 137,
          "column": 4
        },
        "end": {
          "line": 137,
          "column": 69
        }
      },
      "42": {
        "start": {
          "line": 139,
          "column": 2
        },
        "end": {
          "line": 143,
          "column": 3
        }
      },
      "43": {
        "start": {
          "line": 140,
          "column": 4
        },
        "end": {
          "line": 140,
          "column": 46
        }
      },
      "44": {
        "start": {
          "line": 141,
          "column": 4
        },
        "end": {
          "line": 141,
          "column": 49
        }
      },
      "45": {
        "start": {
          "line": 144,
          "column": 2
        },
        "end": {
          "line": 148,
          "column": 3
        }
      },
      "46": {
        "start": {
          "line": 145,
          "column": 4
        },
        "end": {
          "line": 145,
          "column": 73
        }
      },
      "47": {
        "start": {
          "line": 146,
          "column": 4
        },
        "end": {
          "line": 146,
          "column": 75
        }
      },
      "48": {
        "start": {
          "line": 150,
          "column": 2
        },
        "end": {
          "line": 166,
          "column": 3
        }
      },
      "49": {
        "start": {
          "line": 152,
          "column": 21
        },
        "end": {
          "line": 152,
          "column": 75
        }
      },
      "50": {
        "start": {
          "line": 153,
          "column": 16
        },
        "end": {
          "line": 153,
          "column": 29
        }
      },
      "51": {
        "start": {
          "line": 154,
          "column": 4
        },
        "end": {
          "line": 165,
          "column": 5
        }
      },
      "52": {
        "start": {
          "line": 155,
          "column": 6
        },
        "end": {
          "line": 155,
          "column": 25
        }
      },
      "53": {
        "start": {
          "line": 157,
          "column": 6
        },
        "end": {
          "line": 157,
          "column": 39
        }
      },
      "54": {
        "start": {
          "line": 158,
          "column": 6
        },
        "end": {
          "line": 158,
          "column": 37
        }
      },
      "55": {
        "start": {
          "line": 160,
          "column": 6
        },
        "end": {
          "line": 160,
          "column": 25
        }
      },
      "56": {
        "start": {
          "line": 163,
          "column": 6
        },
        "end": {
          "line": 163,
          "column": 27
        }
      },
      "57": {
        "start": {
          "line": 164,
          "column": 6
        },
        "end": {
          "line": 164,
          "column": 33
        }
      },
      "58": {
        "start": {
          "line": 170,
          "column": 21
        },
        "end": {
          "line": 189,
          "column": 1
        }
      },
      "59": {
        "start": {
          "line": 171,
          "column": 2
        },
        "end": {
          "line": 173,
          "column": 3
        }
      },
      "60": {
        "start": {
          "line": 172,
          "column": 4
        },
        "end": {
          "line": 172,
          "column": 59
        }
      },
      "61": {
        "start": {
          "line": 174,
          "column": 2
        },
        "end": {
          "line": 188,
          "column": 3
        }
      },
      "62": {
        "start": {
          "line": 176,
          "column": 21
        },
        "end": {
          "line": 176,
          "column": 55
        }
      },
      "63": {
        "start": {
          "line": 177,
          "column": 16
        },
        "end": {
          "line": 177,
          "column": 29
        }
      },
      "64": {
        "start": {
          "line": 178,
          "column": 4
        },
        "end": {
          "line": 187,
          "column": 5
        }
      },
      "65": {
        "start": {
          "line": 180,
          "column": 6
        },
        "end": {
          "line": 180,
          "column": 39
        }
      },
      "66": {
        "start": {
          "line": 183,
          "column": 6
        },
        "end": {
          "line": 183,
          "column": 37
        }
      },
      "67": {
        "start": {
          "line": 186,
          "column": 6
        },
        "end": {
          "line": 186,
          "column": 33
        }
      },
      "68": {
        "start": {
          "line": 192,
          "column": 26
        },
        "end": {
          "line": 204,
          "column": 1
        }
      },
      "69": {
        "start": {
          "line": 193,
          "column": 2
        },
        "end": {
          "line": 203,
          "column": 3
        }
      },
      "70": {
        "start": {
          "line": 194,
          "column": 21
        },
        "end": {
          "line": 194,
          "column": 46
        }
      },
      "71": {
        "start": {
          "line": 195,
          "column": 16
        },
        "end": {
          "line": 195,
          "column": 29
        }
      },
      "72": {
        "start": {
          "line": 196,
          "column": 4
        },
        "end": {
          "line": 202,
          "column": 5
        }
      },
      "73": {
        "start": {
          "line": 198,
          "column": 6
        },
        "end": {
          "line": 198,
          "column": 36
        }
      },
      "74": {
        "start": {
          "line": 201,
          "column": 6
        },
        "end": {
          "line": 201,
          "column": 33
        }
      },
      "75": {
        "start": {
          "line": 207,
          "column": 23
        },
        "end": {
          "line": 219,
          "column": 1
        }
      },
      "76": {
        "start": {
          "line": 208,
          "column": 2
        },
        "end": {
          "line": 218,
          "column": 3
        }
      },
      "77": {
        "start": {
          "line": 209,
          "column": 21
        },
        "end": {
          "line": 209,
          "column": 36
        }
      },
      "78": {
        "start": {
          "line": 210,
          "column": 16
        },
        "end": {
          "line": 210,
          "column": 29
        }
      },
      "79": {
        "start": {
          "line": 211,
          "column": 4
        },
        "end": {
          "line": 217,
          "column": 5
        }
      },
      "80": {
        "start": {
          "line": 213,
          "column": 6
        },
        "end": {
          "line": 213,
          "column": 39
        }
      },
      "81": {
        "start": {
          "line": 214,
          "column": 6
        },
        "end": {
          "line": 214,
          "column": 36
        }
      },
      "82": {
        "start": {
          "line": 216,
          "column": 6
        },
        "end": {
          "line": 216,
          "column": 33
        }
      },
      "83": {
        "start": {
          "line": 221,
          "column": 27
        },
        "end": {
          "line": 230,
          "column": 1
        }
      },
      "84": {
        "start": {
          "line": 222,
          "column": 2
        },
        "end": {
          "line": 229,
          "column": 3
        }
      },
      "85": {
        "start": {
          "line": 223,
          "column": 21
        },
        "end": {
          "line": 223,
          "column": 44
        }
      },
      "86": {
        "start": {
          "line": 224,
          "column": 16
        },
        "end": {
          "line": 224,
          "column": 29
        }
      },
      "87": {
        "start": {
          "line": 225,
          "column": 4
        },
        "end": {
          "line": 228,
          "column": 5
        }
      },
      "88": {
        "start": {
          "line": 227,
          "column": 6
        },
        "end": {
          "line": 227,
          "column": 41
        }
      },
      "89": {
        "start": {
          "line": 232,
          "column": 23
        },
        "end": {
          "line": 235,
          "column": 1
        }
      },
      "90": {
        "start": {
          "line": 233,
          "column": 4
        },
        "end": {
          "line": 233,
          "column": 52
        }
      },
      "91": {
        "start": {
          "line": 237,
          "column": 23
        },
        "end": {
          "line": 247,
          "column": 1
        }
      },
      "92": {
        "start": {
          "line": 238,
          "column": 2
        },
        "end": {
          "line": 246,
          "column": 3
        }
      },
      "93": {
        "start": {
          "line": 239,
          "column": 21
        },
        "end": {
          "line": 239,
          "column": 43
        }
      },
      "94": {
        "start": {
          "line": 240,
          "column": 16
        },
        "end": {
          "line": 240,
          "column": 29
        }
      },
      "95": {
        "start": {
          "line": 241,
          "column": 4
        },
        "end": {
          "line": 245,
          "column": 5
        }
      },
      "96": {
        "start": {
          "line": 243,
          "column": 20
        },
        "end": {
          "line": 243,
          "column": 28
        }
      },
      "97": {
        "start": {
          "line": 244,
          "column": 6
        },
        "end": {
          "line": 244,
          "column": 41
        }
      },
      "98": {
        "start": {
          "line": 250,
          "column": 25
        },
        "end": {
          "line": 259,
          "column": 1
        }
      },
      "99": {
        "start": {
          "line": 251,
          "column": 2
        },
        "end": {
          "line": 258,
          "column": 3
        }
      },
      "100": {
        "start": {
          "line": 252,
          "column": 19
        },
        "end": {
          "line": 252,
          "column": 57
        }
      },
      "101": {
        "start": {
          "line": 253,
          "column": 14
        },
        "end": {
          "line": 253,
          "column": 27
        }
      },
      "102": {
        "start": {
          "line": 254,
          "column": 4
        },
        "end": {
          "line": 257,
          "column": 5
        }
      },
      "103": {
        "start": {
          "line": 256,
          "column": 6
        },
        "end": {
          "line": 256,
          "column": 41
        }
      },
      "104": {
        "start": {
          "line": 262,
          "column": 23
        },
        "end": {
          "line": 272,
          "column": 1
        }
      },
      "105": {
        "start": {
          "line": 263,
          "column": 2
        },
        "end": {
          "line": 271,
          "column": 3
        }
      },
      "106": {
        "start": {
          "line": 264,
          "column": 19
        },
        "end": {
          "line": 264,
          "column": 76
        }
      },
      "107": {
        "start": {
          "line": 266,
          "column": 14
        },
        "end": {
          "line": 266,
          "column": 27
        }
      },
      "108": {
        "start": {
          "line": 267,
          "column": 4
        },
        "end": {
          "line": 270,
          "column": 5
        }
      },
      "109": {
        "start": {
          "line": 269,
          "column": 6
        },
        "end": {
          "line": 269,
          "column": 42
        }
      },
      "110": {
        "start": {
          "line": 275,
          "column": 29
        },
        "end": {
          "line": 290,
          "column": 1
        }
      },
      "111": {
        "start": {
          "line": 276,
          "column": 2
        },
        "end": {
          "line": 289,
          "column": 3
        }
      },
      "112": {
        "start": {
          "line": 277,
          "column": 21
        },
        "end": {
          "line": 277,
          "column": 58
        }
      },
      "113": {
        "start": {
          "line": 278,
          "column": 16
        },
        "end": {
          "line": 278,
          "column": 29
        }
      },
      "114": {
        "start": {
          "line": 279,
          "column": 4
        },
        "end": {
          "line": 279,
          "column": 20
        }
      },
      "115": {
        "start": {
          "line": 280,
          "column": 4
        },
        "end": {
          "line": 288,
          "column": 5
        }
      },
      "116": {
        "start": {
          "line": 282,
          "column": 6
        },
        "end": {
          "line": 282,
          "column": 53
        }
      },
      "117": {
        "start": {
          "line": 283,
          "column": 11
        },
        "end": {
          "line": 288,
          "column": 5
        }
      },
      "118": {
        "start": {
          "line": 285,
          "column": 6
        },
        "end": {
          "line": 285,
          "column": 43
        }
      },
      "119": {
        "start": {
          "line": 293,
          "column": 29
        },
        "end": {
          "line": 303,
          "column": 1
        }
      },
      "120": {
        "start": {
          "line": 294,
          "column": 2
        },
        "end": {
          "line": 302,
          "column": 1
        }
      },
      "121": {
        "start": {
          "line": 296,
          "column": 17
        },
        "end": {
          "line": 296,
          "column": 34
        }
      },
      "122": {
        "start": {
          "line": 297,
          "column": 13
        },
        "end": {
          "line": 297,
          "column": 29
        }
      },
      "123": {
        "start": {
          "line": 298,
          "column": 2
        },
        "end": {
          "line": 298,
          "column": 18
        }
      },
      "124": {
        "start": {
          "line": 300,
          "column": 4
        },
        "end": {
          "line": 300,
          "column": 37
        }
      }
    },
    "fnMap": {
      "0": {
        "name": "initIO",
        "decl": {
          "start": {
            "line": 41,
            "column": 9
          },
          "end": {
            "line": 41,
            "column": 15
          }
        },
        "loc": {
          "start": {
            "line": 41,
            "column": 34
          },
          "end": {
            "line": 54,
            "column": 1
          }
        },
        "line": 41
      },
      "1": {
        "name": "(anonymous_1)",
        "decl": {
          "start": {
            "line": 46,
            "column": 31
          },
          "end": {
            "line": 46,
            "column": 32
          }
        },
        "loc": {
          "start": {
            "line": 46,
            "column": 50
          },
          "end": {
            "line": 52,
            "column": 5
          }
        },
        "line": 46
      },
      "2": {
        "name": "getMsgList",
        "decl": {
          "start": {
            "line": 57,
            "column": 15
          },
          "end": {
            "line": 57,
            "column": 25
          }
        },
        "loc": {
          "start": {
            "line": 57,
            "column": 44
          },
          "end": {
            "line": 66,
            "column": 1
          }
        },
        "line": 57
      },
      "3": {
        "name": "(anonymous_3)",
        "decl": {
          "start": {
            "line": 69,
            "column": 20
          },
          "end": {
            "line": 69,
            "column": 21
          }
        },
        "loc": {
          "start": {
            "line": 69,
            "column": 29
          },
          "end": {
            "line": 72,
            "column": 1
          }
        },
        "line": 69
      },
      "4": {
        "name": "(anonymous_4)",
        "decl": {
          "start": {
            "line": 75,
            "column": 17
          },
          "end": {
            "line": 75,
            "column": 18
          }
        },
        "loc": {
          "start": {
            "line": 75,
            "column": 25
          },
          "end": {
            "line": 78,
            "column": 1
          }
        },
        "line": 75
      },
      "5": {
        "name": "(anonymous_5)",
        "decl": {
          "start": {
            "line": 80,
            "column": 19
          },
          "end": {
            "line": 80,
            "column": 20
          }
        },
        "loc": {
          "start": {
            "line": 80,
            "column": 28
          },
          "end": {
            "line": 83,
            "column": 1
          }
        },
        "line": 80
      },
      "6": {
        "name": "(anonymous_6)",
        "decl": {
          "start": {
            "line": 85,
            "column": 24
          },
          "end": {
            "line": 85,
            "column": 25
          }
        },
        "loc": {
          "start": {
            "line": 85,
            "column": 32
          },
          "end": {
            "line": 88,
            "column": 1
          }
        },
        "line": 85
      },
      "7": {
        "name": "(anonymous_7)",
        "decl": {
          "start": {
            "line": 90,
            "column": 31
          },
          "end": {
            "line": 90,
            "column": 32
          }
        },
        "loc": {
          "start": {
            "line": 90,
            "column": 44
          },
          "end": {
            "line": 93,
            "column": 1
          }
        },
        "line": 90
      },
      "8": {
        "name": "(anonymous_8)",
        "decl": {
          "start": {
            "line": 95,
            "column": 13
          },
          "end": {
            "line": 95,
            "column": 14
          }
        },
        "loc": {
          "start": {
            "line": 95,
            "column": 46
          },
          "end": {
            "line": 98,
            "column": 1
          }
        },
        "line": 95
      },
      "9": {
        "name": "(anonymous_9)",
        "decl": {
          "start": {
            "line": 100,
            "column": 22
          },
          "end": {
            "line": 100,
            "column": 23
          }
        },
        "loc": {
          "start": {
            "line": 100,
            "column": 45
          },
          "end": {
            "line": 103,
            "column": 1
          }
        },
        "line": 100
      },
      "10": {
        "name": "(anonymous_10)",
        "decl": {
          "start": {
            "line": 105,
            "column": 17
          },
          "end": {
            "line": 105,
            "column": 18
          }
        },
        "loc": {
          "start": {
            "line": 105,
            "column": 39
          },
          "end": {
            "line": 108,
            "column": 1
          }
        },
        "line": 105
      },
      "11": {
        "name": "(anonymous_11)",
        "decl": {
          "start": {
            "line": 110,
            "column": 25
          },
          "end": {
            "line": 110,
            "column": 26
          }
        },
        "loc": {
          "start": {
            "line": 110,
            "column": 39
          },
          "end": {
            "line": 113,
            "column": 1
          }
        },
        "line": 110
      },
      "12": {
        "name": "(anonymous_12)",
        "decl": {
          "start": {
            "line": 115,
            "column": 27
          },
          "end": {
            "line": 115,
            "column": 28
          }
        },
        "loc": {
          "start": {
            "line": 115,
            "column": 35
          },
          "end": {
            "line": 118,
            "column": 1
          }
        },
        "line": 115
      },
      "13": {
        "name": "(anonymous_13)",
        "decl": {
          "start": {
            "line": 120,
            "column": 20
          },
          "end": {
            "line": 120,
            "column": 21
          }
        },
        "loc": {
          "start": {
            "line": 120,
            "column": 38
          },
          "end": {
            "line": 123,
            "column": 1
          }
        },
        "line": 120
      },
      "14": {
        "name": "(anonymous_14)",
        "decl": {
          "start": {
            "line": 125,
            "column": 27
          },
          "end": {
            "line": 125,
            "column": 28
          }
        },
        "loc": {
          "start": {
            "line": 125,
            "column": 43
          },
          "end": {
            "line": 128,
            "column": 1
          }
        },
        "line": 125
      },
      "15": {
        "name": "(anonymous_15)",
        "decl": {
          "start": {
            "line": 131,
            "column": 24
          },
          "end": {
            "line": 131,
            "column": 25
          }
        },
        "loc": {
          "start": {
            "line": 131,
            "column": 75
          },
          "end": {
            "line": 167,
            "column": 1
          }
        },
        "line": 131
      },
      "16": {
        "name": "(anonymous_16)",
        "decl": {
          "start": {
            "line": 150,
            "column": 9
          },
          "end": {
            "line": 150,
            "column": 10
          }
        },
        "loc": {
          "start": {
            "line": 150,
            "column": 27
          },
          "end": {
            "line": 166,
            "column": 3
          }
        },
        "line": 150
      },
      "17": {
        "name": "(anonymous_17)",
        "decl": {
          "start": {
            "line": 170,
            "column": 21
          },
          "end": {
            "line": 170,
            "column": 22
          }
        },
        "loc": {
          "start": {
            "line": 170,
            "column": 45
          },
          "end": {
            "line": 189,
            "column": 1
          }
        },
        "line": 170
      },
      "18": {
        "name": "(anonymous_18)",
        "decl": {
          "start": {
            "line": 174,
            "column": 9
          },
          "end": {
            "line": 174,
            "column": 10
          }
        },
        "loc": {
          "start": {
            "line": 174,
            "column": 27
          },
          "end": {
            "line": 188,
            "column": 3
          }
        },
        "line": 174
      },
      "19": {
        "name": "(anonymous_19)",
        "decl": {
          "start": {
            "line": 192,
            "column": 26
          },
          "end": {
            "line": 192,
            "column": 27
          }
        },
        "loc": {
          "start": {
            "line": 192,
            "column": 34
          },
          "end": {
            "line": 204,
            "column": 1
          }
        },
        "line": 192
      },
      "20": {
        "name": "(anonymous_20)",
        "decl": {
          "start": {
            "line": 193,
            "column": 9
          },
          "end": {
            "line": 193,
            "column": 10
          }
        },
        "loc": {
          "start": {
            "line": 193,
            "column": 27
          },
          "end": {
            "line": 203,
            "column": 3
          }
        },
        "line": 193
      },
      "21": {
        "name": "(anonymous_21)",
        "decl": {
          "start": {
            "line": 207,
            "column": 23
          },
          "end": {
            "line": 207,
            "column": 24
          }
        },
        "loc": {
          "start": {
            "line": 207,
            "column": 29
          },
          "end": {
            "line": 219,
            "column": 1
          }
        },
        "line": 207
      },
      "22": {
        "name": "(anonymous_22)",
        "decl": {
          "start": {
            "line": 208,
            "column": 9
          },
          "end": {
            "line": 208,
            "column": 10
          }
        },
        "loc": {
          "start": {
            "line": 208,
            "column": 27
          },
          "end": {
            "line": 218,
            "column": 3
          }
        },
        "line": 208
      },
      "23": {
        "name": "(anonymous_23)",
        "decl": {
          "start": {
            "line": 221,
            "column": 27
          },
          "end": {
            "line": 221,
            "column": 28
          }
        },
        "loc": {
          "start": {
            "line": 221,
            "column": 35
          },
          "end": {
            "line": 230,
            "column": 1
          }
        },
        "line": 221
      },
      "24": {
        "name": "(anonymous_24)",
        "decl": {
          "start": {
            "line": 222,
            "column": 9
          },
          "end": {
            "line": 222,
            "column": 10
          }
        },
        "loc": {
          "start": {
            "line": 222,
            "column": 27
          },
          "end": {
            "line": 229,
            "column": 3
          }
        },
        "line": 222
      },
      "25": {
        "name": "(anonymous_25)",
        "decl": {
          "start": {
            "line": 232,
            "column": 23
          },
          "end": {
            "line": 232,
            "column": 24
          }
        },
        "loc": {
          "start": {
            "line": 232,
            "column": 50
          },
          "end": {
            "line": 235,
            "column": 1
          }
        },
        "line": 232
      },
      "26": {
        "name": "(anonymous_26)",
        "decl": {
          "start": {
            "line": 237,
            "column": 23
          },
          "end": {
            "line": 237,
            "column": 24
          }
        },
        "loc": {
          "start": {
            "line": 237,
            "column": 36
          },
          "end": {
            "line": 247,
            "column": 1
          }
        },
        "line": 237
      },
      "27": {
        "name": "(anonymous_27)",
        "decl": {
          "start": {
            "line": 238,
            "column": 9
          },
          "end": {
            "line": 238,
            "column": 10
          }
        },
        "loc": {
          "start": {
            "line": 238,
            "column": 27
          },
          "end": {
            "line": 246,
            "column": 3
          }
        },
        "line": 238
      },
      "28": {
        "name": "(anonymous_28)",
        "decl": {
          "start": {
            "line": 250,
            "column": 25
          },
          "end": {
            "line": 250,
            "column": 26
          }
        },
        "loc": {
          "start": {
            "line": 250,
            "column": 47
          },
          "end": {
            "line": 259,
            "column": 1
          }
        },
        "line": 250
      },
      "29": {
        "name": "(anonymous_29)",
        "decl": {
          "start": {
            "line": 251,
            "column": 9
          },
          "end": {
            "line": 251,
            "column": 10
          }
        },
        "loc": {
          "start": {
            "line": 251,
            "column": 25
          },
          "end": {
            "line": 258,
            "column": 3
          }
        },
        "line": 251
      },
      "30": {
        "name": "(anonymous_30)",
        "decl": {
          "start": {
            "line": 262,
            "column": 23
          },
          "end": {
            "line": 262,
            "column": 24
          }
        },
        "loc": {
          "start": {
            "line": 262,
            "column": 47
          },
          "end": {
            "line": 272,
            "column": 1
          }
        },
        "line": 262
      },
      "31": {
        "name": "(anonymous_31)",
        "decl": {
          "start": {
            "line": 263,
            "column": 9
          },
          "end": {
            "line": 263,
            "column": 10
          }
        },
        "loc": {
          "start": {
            "line": 263,
            "column": 25
          },
          "end": {
            "line": 271,
            "column": 3
          }
        },
        "line": 263
      },
      "32": {
        "name": "(anonymous_32)",
        "decl": {
          "start": {
            "line": 275,
            "column": 29
          },
          "end": {
            "line": 275,
            "column": 30
          }
        },
        "loc": {
          "start": {
            "line": 275,
            "column": 44
          },
          "end": {
            "line": 290,
            "column": 1
          }
        },
        "line": 275
      },
      "33": {
        "name": "(anonymous_33)",
        "decl": {
          "start": {
            "line": 276,
            "column": 9
          },
          "end": {
            "line": 276,
            "column": 10
          }
        },
        "loc": {
          "start": {
            "line": 276,
            "column": 27
          },
          "end": {
            "line": 289,
            "column": 3
          }
        },
        "line": 276
      },
      "34": {
        "name": "(anonymous_34)",
        "decl": {
          "start": {
            "line": 293,
            "column": 29
          },
          "end": {
            "line": 293,
            "column": 30
          }
        },
        "loc": {
          "start": {
            "line": 293,
            "column": 34
          },
          "end": {
            "line": 303,
            "column": 1
          }
        },
        "line": 293
      },
      "35": {
        "name": "(anonymous_35)",
        "decl": {
          "start": {
            "line": 294,
            "column": 9
          },
          "end": {
            "line": 294,
            "column": 10
          }
        },
        "loc": {
          "start": {
            "line": 294,
            "column": 25
          },
          "end": {
            "line": 302,
            "column": 1
          }
        },
        "line": 294
      }
    },
    "branchMap": {
      "0": {
        "loc": {
          "start": {
            "line": 42,
            "column": 2
          },
          "end": {
            "line": 53,
            "column": 3
          }
        },
        "type": "if",
        "locations": [
          {
            "start": {
              "line": 42,
              "column": 2
            },
            "end": {
              "line": 53,
              "column": 3
            }
          },
          {
            "start": {
              "line": 42,
              "column": 2
            },
            "end": {
              "line": 53,
              "column": 3
            }
          }
        ],
        "line": 42
      },
      "1": {
        "loc": {
          "start": {
            "line": 49,
            "column": 6
          },
          "end": {
            "line": 51,
            "column": 7
          }
        },
        "type": "if",
        "locations": [
          {
            "start": {
              "line": 49,
              "column": 6
            },
            "end": {
              "line": 51,
              "column": 7
            }
          },
          {
            "start": {
              "line": 49,
              "column": 6
            },
            "end": {
              "line": 51,
              "column": 7
            }
          }
        ],
        "line": 49
      },
      "2": {
        "loc": {
          "start": {
            "line": 49,
            "column": 10
          },
          "end": {
            "line": 49,
            "column": 58
          }
        },
        "type": "binary-expr",
        "locations": [
          {
            "start": {
              "line": 49,
              "column": 10
            },
            "end": {
              "line": 49,
              "column": 33
            }
          },
          {
            "start": {
              "line": 49,
              "column": 37
            },
            "end": {
              "line": 49,
              "column": 58
            }
          }
        ],
        "line": 49
      },
      "3": {
        "loc": {
          "start": {
            "line": 61,
            "column": 2
          },
          "end": {
            "line": 65,
            "column": 3
          }
        },
        "type": "if",
        "locations": [
          {
            "start": {
              "line": 61,
              "column": 2
            },
            "end": {
              "line": 65,
              "column": 3
            }
          },
          {
            "start": {
              "line": 61,
              "column": 2
            },
            "end": {
              "line": 65,
              "column": 3
            }
          }
        ],
        "line": 61
      },
      "4": {
        "loc": {
          "start": {
            "line": 135,
            "column": 2
          },
          "end": {
            "line": 138,
            "column": 3
          }
        },
        "type": "if",
        "locations": [
          {
            "start": {
              "line": 135,
              "column": 2
            },
            "end": {
              "line": 138,
              "column": 3
            }
          },
          {
            "start": {
              "line": 135,
              "column": 2
            },
            "end": {
              "line": 138,
              "column": 3
            }
          }
        ],
        "line": 135
      },
      "5": {
        "loc": {
          "start": {
            "line": 135,
            "column": 6
          },
          "end": {
            "line": 135,
            "column": 47
          }
        },
        "type": "binary-expr",
        "locations": [
          {
            "start": {
              "line": 135,
              "column": 6
            },
            "end": {
              "line": 135,
              "column": 15
            }
          },
          {
            "start": {
              "line": 135,
              "column": 19
            },
            "end": {
              "line": 135,
              "column": 25
            }
          },
          {
            "start": {
              "line": 135,
              "column": 29
            },
            "end": {
              "line": 135,
              "column": 38
            }
          },
          {
            "start": {
              "line": 135,
              "column": 42
            },
            "end": {
              "line": 135,
              "column": 47
            }
          }
        ],
        "line": 135
      },
      "6": {
        "loc": {
          "start": {
            "line": 139,
            "column": 2
          },
          "end": {
            "line": 143,
            "column": 3
          }
        },
        "type": "if",
        "locations": [
          {
            "start": {
              "line": 139,
              "column": 2
            },
            "end": {
              "line": 143,
              "column": 3
            }
          },
          {
            "start": {
              "line": 139,
              "column": 2
            },
            "end": {
              "line": 143,
              "column": 3
            }
          }
        ],
        "line": 139
      },
      "7": {
        "loc": {
          "start": {
            "line": 144,
            "column": 2
          },
          "end": {
            "line": 148,
            "column": 3
          }
        },
        "type": "if",
        "locations": [
          {
            "start": {
              "line": 144,
              "column": 2
            },
            "end": {
              "line": 148,
              "column": 3
            }
          },
          {
            "start": {
              "line": 144,
              "column": 2
            },
            "end": {
              "line": 148,
              "column": 3
            }
          }
        ],
        "line": 144
      },
      "8": {
        "loc": {
          "start": {
            "line": 154,
            "column": 4
          },
          "end": {
            "line": 165,
            "column": 5
          }
        },
        "type": "if",
        "locations": [
          {
            "start": {
              "line": 154,
              "column": 4
            },
            "end": {
              "line": 165,
              "column": 5
            }
          },
          {
            "start": {
              "line": 154,
              "column": 4
            },
            "end": {
              "line": 165,
              "column": 5
            }
          }
        ],
        "line": 154
      },
      "9": {
        "loc": {
          "start": {
            "line": 171,
            "column": 2
          },
          "end": {
            "line": 173,
            "column": 3
          }
        },
        "type": "if",
        "locations": [
          {
            "start": {
              "line": 171,
              "column": 2
            },
            "end": {
              "line": 173,
              "column": 3
            }
          },
          {
            "start": {
              "line": 171,
              "column": 2
            },
            "end": {
              "line": 173,
              "column": 3
            }
          }
        ],
        "line": 171
      },
      "10": {
        "loc": {
          "start": {
            "line": 171,
            "column": 6
          },
          "end": {
            "line": 171,
            "column": 25
          }
        },
        "type": "binary-expr",
        "locations": [
          {
            "start": {
              "line": 171,
              "column": 6
            },
            "end": {
              "line": 171,
              "column": 12
            }
          },
          {
            "start": {
              "line": 171,
              "column": 16
            },
            "end": {
              "line": 171,
              "column": 25
            }
          }
        ],
        "line": 171
      },
      "11": {
        "loc": {
          "start": {
            "line": 178,
            "column": 4
          },
          "end": {
            "line": 187,
            "column": 5
          }
        },
        "type": "if",
        "locations": [
          {
            "start": {
              "line": 178,
              "column": 4
            },
            "end": {
              "line": 187,
              "column": 5
            }
          },
          {
            "start": {
              "line": 178,
              "column": 4
            },
            "end": {
              "line": 187,
              "column": 5
            }
          }
        ],
        "line": 178
      },
      "12": {
        "loc": {
          "start": {
            "line": 196,
            "column": 4
          },
          "end": {
            "line": 202,
            "column": 5
          }
        },
        "type": "if",
        "locations": [
          {
            "start": {
              "line": 196,
              "column": 4
            },
            "end": {
              "line": 202,
              "column": 5
            }
          },
          {
            "start": {
              "line": 196,
              "column": 4
            },
            "end": {
              "line": 202,
              "column": 5
            }
          }
        ],
        "line": 196
      },
      "13": {
        "loc": {
          "start": {
            "line": 211,
            "column": 4
          },
          "end": {
            "line": 217,
            "column": 5
          }
        },
        "type": "if",
        "locations": [
          {
            "start": {
              "line": 211,
              "column": 4
            },
            "end": {
              "line": 217,
              "column": 5
            }
          },
          {
            "start": {
              "line": 211,
              "column": 4
            },
            "end": {
              "line": 217,
              "column": 5
            }
          }
        ],
        "line": 211
      },
      "14": {
        "loc": {
          "start": {
            "line": 225,
            "column": 4
          },
          "end": {
            "line": 228,
            "column": 5
          }
        },
        "type": "if",
        "locations": [
          {
            "start": {
              "line": 225,
              "column": 4
            },
            "end": {
              "line": 228,
              "column": 5
            }
          },
          {
            "start": {
              "line": 225,
              "column": 4
            },
            "end": {
              "line": 228,
              "column": 5
            }
          }
        ],
        "line": 225
      },
      "15": {
        "loc": {
          "start": {
            "line": 241,
            "column": 4
          },
          "end": {
            "line": 245,
            "column": 5
          }
        },
        "type": "if",
        "locations": [
          {
            "start": {
              "line": 241,
              "column": 4
            },
            "end": {
              "line": 245,
              "column": 5
            }
          },
          {
            "start": {
              "line": 241,
              "column": 4
            },
            "end": {
              "line": 245,
              "column": 5
            }
          }
        ],
        "line": 241
      },
      "16": {
        "loc": {
          "start": {
            "line": 254,
            "column": 4
          },
          "end": {
            "line": 257,
            "column": 5
          }
        },
        "type": "if",
        "locations": [
          {
            "start": {
              "line": 254,
              "column": 4
            },
            "end": {
              "line": 257,
              "column": 5
            }
          },
          {
            "start": {
              "line": 254,
              "column": 4
            },
            "end": {
              "line": 257,
              "column": 5
            }
          }
        ],
        "line": 254
      },
      "17": {
        "loc": {
          "start": {
            "line": 267,
            "column": 4
          },
          "end": {
            "line": 270,
            "column": 5
          }
        },
        "type": "if",
        "locations": [
          {
            "start": {
              "line": 267,
              "column": 4
            },
            "end": {
              "line": 270,
              "column": 5
            }
          },
          {
            "start": {
              "line": 267,
              "column": 4
            },
            "end": {
              "line": 270,
              "column": 5
            }
          }
        ],
        "line": 267
      },
      "18": {
        "loc": {
          "start": {
            "line": 280,
            "column": 4
          },
          "end": {
            "line": 288,
            "column": 5
          }
        },
        "type": "if",
        "locations": [
          {
            "start": {
              "line": 280,
              "column": 4
            },
            "end": {
              "line": 288,
              "column": 5
            }
          },
          {
            "start": {
              "line": 280,
              "column": 4
            },
            "end": {
              "line": 288,
              "column": 5
            }
          }
        ],
        "line": 280
      },
      "19": {
        "loc": {
          "start": {
            "line": 283,
            "column": 11
          },
          "end": {
            "line": 288,
            "column": 5
          }
        },
        "type": "if",
        "locations": [
          {
            "start": {
              "line": 283,
              "column": 11
            },
            "end": {
              "line": 288,
              "column": 5
            }
          },
          {
            "start": {
              "line": 283,
              "column": 11
            },
            "end": {
              "line": 288,
              "column": 5
            }
          }
        ],
        "line": 283
      }
    },
    "s": {
      "0": 0,
      "1": 0,
      "2": 0,
      "3": 0,
      "4": 0,
      "5": 0,
      "6": 0,
      "7": 0,
      "8": 0,
      "9": 0,
      "10": 0,
      "11": 0,
      "12": 3,
      "13": 0,
      "14": 3,
      "15": 6,
      "16": 3,
      "17": 0,
      "18": 3,
      "19": 0,
      "20": 3,
      "21": 0,
      "22": 3,
      "23": 0,
      "24": 3,
      "25": 0,
      "26": 3,
      "27": 0,
      "28": 3,
      "29": 0,
      "30": 3,
      "31": 0,
      "32": 3,
      "33": 0,
      "34": 3,
      "35": 0,
      "36": 3,
      "37": 0,
      "38": 0,
      "39": 0,
      "40": 0,
      "41": 0,
      "42": 0,
      "43": 0,
      "44": 0,
      "45": 0,
      "46": 0,
      "47": 0,
      "48": 0,
      "49": 0,
      "50": 0,
      "51": 0,
      "52": 0,
      "53": 0,
      "54": 0,
      "55": 0,
      "56": 0,
      "57": 0,
      "58": 3,
      "59": 6,
      "60": 2,
      "61": 4,
      "62": 4,
      "63": 4,
      "64": 4,
      "65": 0,
      "66": 0,
      "67": 4,
      "68": 3,
      "69": 0,
      "70": 0,
      "71": 0,
      "72": 0,
      "73": 0,
      "74": 0,
      "75": 3,
      "76": 0,
      "77": 0,
      "78": 0,
      "79": 0,
      "80": 0,
      "81": 0,
      "82": 0,
      "83": 3,
      "84": 0,
      "85": 0,
      "86": 0,
      "87": 0,
      "88": 0,
      "89": 3,
      "90": 0,
      "91": 3,
      "92": 0,
      "93": 0,
      "94": 0,
      "95": 0,
      "96": 0,
      "97": 0,
      "98": 3,
      "99": 0,
      "100": 0,
      "101": 0,
      "102": 0,
      "103": 0,
      "104": 3,
      "105": 0,
      "106": 0,
      "107": 0,
      "108": 0,
      "109": 0,
      "110": 3,
      "111": 0,
      "112": 0,
      "113": 0,
      "114": 0,
      "115": 0,
      "116": 0,
      "117": 0,
      "118": 0,
      "119": 3,
      "120": 0,
      "121": 0,
      "122": 0,
      "123": 0,
      "124": 0
    },
    "f": {
      "0": 0,
      "1": 0,
      "2": 0,
      "3": 0,
      "4": 6,
      "5": 0,
      "6": 0,
      "7": 0,
      "8": 0,
      "9": 0,
      "10": 0,
      "11": 0,
      "12": 0,
      "13": 0,
      "14": 0,
      "15": 0,
      "16": 0,
      "17": 6,
      "18": 4,
      "19": 0,
      "20": 0,
      "21": 0,
      "22": 0,
      "23": 0,
      "24": 0,
      "25": 0,
      "26": 0,
      "27": 0,
      "28": 0,
      "29": 0,
      "30": 0,
      "31": 0,
      "32": 0,
      "33": 0,
      "34": 0,
      "35": 0
    },
    "b": {
      "0": [
        0,
        0
      ],
      "1": [
        0,
        0
      ],
      "2": [
        0,
        0
      ],
      "3": [
        0,
        0
      ],
      "4": [
        0,
        0
      ],
      "5": [
        0,
        0,
        0,
        0
      ],
      "6": [
        0,
        0
      ],
      "7": [
        0,
        0
      ],
      "8": [
        0,
        0
      ],
      "9": [
        2,
        4
      ],
      "10": [
        6,
        6
      ],
      "11": [
        0,
        4
      ],
      "12": [
        0,
        0
      ],
      "13": [
        0,
        0
      ],
      "14": [
        0,
        0
      ],
      "15": [
        0,
        0
      ],
      "16": [
        0,
        0
      ],
      "17": [
        0,
        0
      ],
      "18": [
        0,
        0
      ],
      "19": [
        0,
        0
      ]
    },
    "_coverageSchema": "1a1c01bbd47fc00a2c39e90264f33305004495a9",
    "hash": "a71af56397198d9d09adb21b5e930e9578faa1e9"
  },
  "D:\\study\\FYP\\WE_front\\src\\components\\HeaderUser\\index.js": {
    "path": "D:\\study\\FYP\\WE_front\\src\\components\\HeaderUser\\index.js",
    "statementMap": {
      "0": {
        "start": {
          "line": 13,
          "column": 19
        },
        "end": {
          "line": 97,
          "column": 1
        }
      },
      "1": {
        "start": {
          "line": 14,
          "column": 40
        },
        "end": {
          "line": 14,
          "column": 60
        }
      },
      "2": {
        "start": {
          "line": 15,
          "column": 21
        },
        "end": {
          "line": 15,
          "column": 53
        }
      },
      "3": {
        "start": {
          "line": 15,
          "column": 42
        },
        "end": {
          "line": 15,
          "column": 52
        }
      },
      "4": {
        "start": {
          "line": 16,
          "column": 25
        },
        "end": {
          "line": 16,
          "column": 38
        }
      },
      "5": {
        "start": {
          "line": 17,
          "column": 21
        },
        "end": {
          "line": 17,
          "column": 38
        }
      },
      "6": {
        "start": {
          "line": 18,
          "column": 27
        },
        "end": {
          "line": 20,
          "column": 9
        }
      },
      "7": {
        "start": {
          "line": 19,
          "column": 12
        },
        "end": {
          "line": 19,
          "column": 45
        }
      },
      "8": {
        "start": {
          "line": 22,
          "column": 28
        },
        "end": {
          "line": 24,
          "column": 9
        }
      },
      "9": {
        "start": {
          "line": 23,
          "column": 12
        },
        "end": {
          "line": 23,
          "column": 30
        }
      },
      "10": {
        "start": {
          "line": 25,
          "column": 30
        },
        "end": {
          "line": 32,
          "column": 9
        }
      },
      "11": {
        "start": {
          "line": 27,
          "column": 10
        },
        "end": {
          "line": 27,
          "column": 34
        }
      },
      "12": {
        "start": {
          "line": 30,
          "column": 10
        },
        "end": {
          "line": 30,
          "column": 30
        }
      },
      "13": {
        "start": {
          "line": 31,
          "column": 10
        },
        "end": {
          "line": 31,
          "column": 28
        }
      },
      "14": {
        "start": {
          "line": 35,
          "column": 8
        },
        "end": {
          "line": 94,
          "column": 8
        }
      }
    },
    "fnMap": {
      "0": {
        "name": "(anonymous_0)",
        "decl": {
          "start": {
            "line": 13,
            "column": 19
          },
          "end": {
            "line": 13,
            "column": 20
          }
        },
        "loc": {
          "start": {
            "line": 13,
            "column": 30
          },
          "end": {
            "line": 97,
            "column": 1
[...]
              "line": 42,
              "column": 5
            }
          }
        ],
        "line": 39
      },
      "1": {
        "loc": {
          "start": {
            "line": 39,
            "column": 8
          },
          "end": {
            "line": 39,
            "column": 38
          }
        },
        "type": "binary-expr",
        "locations": [
          {
            "start": {
              "line": 39,
              "column": 8
            },
            "end": {
              "line": 39,
              "column": 14
            }
          },
          {
            "start": {
              "line": 39,
              "column": 18
            },
            "end": {
              "line": 39,
              "column": 38
            }
          }
        ],
        "line": 39
      },
      "2": {
        "loc": {
          "start": {
            "line": 53,
            "column": 4
          },
          "end": {
            "line": 56,
            "column": 5
          }
        },
        "type": "if",
        "locations": [
          {
            "start": {
              "line": 53,
              "column": 4
            },
            "end": {
              "line": 56,
              "column": 5
            }
          },
          {
            "start": {
              "line": 53,
              "column": 4
            },
            "end": {
              "line": 56,
              "column": 5
            }
          }
        ],
        "line": 53
      },
      "3": {
        "loc": {
          "start": {
            "line": 58,
            "column": 4
          },
          "end": {
            "line": 90,
            "column": 5
          }
        },
        "type": "if",
        "locations": [
          {
            "start": {
              "line": 58,
              "column": 4
            },
            "end": {
              "line": 90,
              "column": 5
            }
          },
          {
            "start": {
              "line": 58,
              "column": 4
            },
            "end": {
              "line": 90,
              "column": 5
            }
          }
        ],
        "line": 58
      },
      "4": {
        "loc": {
          "start": {
            "line": 63,
            "column": 6
          },
          "end": {
            "line": 68,
            "column": 7
          }
        },
        "type": "if",
        "locations": [
          {
            "start": {
              "line": 63,
              "column": 6
            },
            "end": {
              "line": 68,
              "column": 7
            }
          },
          {
            "start": {
              "line": 63,
              "column": 6
            },
            "end": {
              "line": 68,
              "column": 7
            }
          }
        ],
        "line": 63
      }
    },
    "s": {
      "0": 3,
      "1": 3,
      "2": 3,
      "3": 3,
      "4": 0,
      "5": 3,
      "6": 3,
      "7": 3,
      "8": 0,
      "9": 0,
      "10": 0,
      "11": 0,
      "12": 0,
      "13": 0,
      "14": 0,
      "15": 3
    },
    "f": {
      "0": 3,
      "1": 3,
      "2": 3,
      "3": 3
    },
    "b": {
      "0": [
        0,
        3
      ],
      "1": [
        3,
        0
      ],
      "2": [
        3,
        0
      ],
      "3": [
        0,
        0
      ],
      "4": [
        0,
        0
      ]
    },
    "_coverageSchema": "1a1c01bbd47fc00a2c39e90264f33305004495a9",
    "hash": "06847ecc2c2fe1b697c47a5eed1c85b773f7ae09"
  },
  "D:\\study\\FYP\\WE_front\\src\\test\\socketIO_test.js": {
    "path": "D:\\study\\FYP\\WE_front\\src\\test\\socketIO_test.js",
    "statementMap": {},
    "fnMap": {},
    "branchMap": {},
    "s": {},
    "f": {},
    "b": {},
    "_coverageSchema": "1a1c01bbd47fc00a2c39e90264f33305004495a9",
    "hash": "7d5c42ef11a666a6a02f661bef62144ae77f4b4f"
  },
  "D:\\study\\FYP\\WE_front\\src\\pages\\findpasswordPage.js": {
    "path": "D:\\study\\FYP\\WE_front\\src\\pages\\findpasswordPage.js",
    "statementMap": {
      "0": {
        "start": {
          "line": 12,
          "column": 18
        },
        "end": {
          "line": 30,
          "column": 5
        }
      },
      "1": {
        "start": {
          "line": 12,
          "column": 41
        },
        "end": {
          "line": 30,
          "column": 3
        }
      },
      "2": {
        "start": {
          "line": 34,
          "column": 20
        },
        "end": {
          "line": 34,
          "column": 31
        }
      },
      "3": {
        "start": {
          "line": 35,
          "column": 30
        },
        "end": {
          "line": 35,
          "column": 40
        }
      },
      "4": {
        "start": {
          "line": 37,
          "column": 28
        },
        "end": {
          "line": 37,
          "column": 40
        }
      },
      "5": {
        "start": {
          "line": 38,
          "column": 42
        },
        "end": {
          "line": 38,
          "column": 57
        }
      },
      "6": {
        "start": {
          "line": 39,
          "column": 40
        },
        "end": {
          "line": 39,
          "column": 65
        }
      },
      "7": {
        "start": {
          "line": 41,
          "column": 4
        },
        "end": {
          "line": 43,
          "column": 11
        }
      },
      "8": {
        "start": {
          "line": 42,
          "column": 6
        },
        "end": {
          "line": 42,
          "column": 32
        }
      },
      "9": {
        "start": {
          "line": 45,
          "column": 4
        },
        "end": {
          "line": 54,
          "column": 15
        }
      },
      "10": {
        "start": {
          "line": 46,
          "column": 6
        },
        "end": {
          "line": 53,
          "column": 7
        }
      },
      "11": {
        "start": {
          "line": 47,
          "column": 8
        },
        "end": {
          "line": 47,
          "column": 54
        }
      },
      "12": {
        "start": {
          "line": 49,
          "column": 8
        },
        "end": {
          "line": 49,
          "column": 34
        }
      },
      "13": {
        "start": {
          "line": 50,
          "column": 8
        },
        "end": {
          "line": 50,
          "column": 30
        }
      },
      "14": {
        "start": {
          "line": 51,
          "column": 8
        },
        "end": {
          "line": 51,
          "column": 20
        }
      },
      "15": {
        "start": {
          "line": 52,
          "column": 8
        },
        "end": {
          "line": 52,
          "column": 39
        }
      },
      "16": {
        "start": {
          "line": 56,
          "column": 28
        },
        "end": {
          "line": 61,
          "column": 5
        }
      },
      "17": {
        "start": {
          "line": 58,
          "column": 7
        },
        "end": {
          "line": 58,
          "column": 63
        }
      },
      "18": {
        "start": {
          "line": 58,
          "column": 38
        },
        "end": {
          "line": 58,
          "column": 55
        }
      },
      "19": {
        "start": {
          "line": 58,
          "column": 51
        },
        "end": {
          "line": 58,
          "column": 54
        }
      },
      "20": {
        "start": {
          "line": 59,
          "column": 6
        },
        "end": {
          "line": 59,
          "column": 27
        }
      },
      "21": {
        "start": {
          "line": 60,
          "column": 6
        },
        "end": {
          "line": 60,
          "column": 29
        }
      },
      "22": {
        "start": {
          "line": 65,
          "column": 4
        },
        "end": {
          "line": 110,
          "column": 5
        }
      },
      "23": {
        "start": {
          "line": 89,
          "column": 31
        },
        "end": {
          "line": 89,
          "column": 57
        }
      }
    },
    "fnMap": {
      "0": {
        "name": "(anonymous_0)",
        "decl": {
          "start": {
            "line": 12,
            "column": 29
          },
          "end": {
            "line": 12,
            "column": 30
          }
        },
        "loc": {
          "start": {
            "line": 12,
            "column": 41
          },
          "end": {
            "line": 30,
            "column": 3
          }
        },
        "line": 12
      },
      "1": {
        "name": "FindPassword",
        "decl": {
          "start": {
            "line": 33,
            "column": 26
          },
          "end": {
            "line": 33,
            "column": 38
          }
        },
        "loc": {
          "start": {
            "line": 33,
            "column": 41
          },
          "end": {
            "line": 111,
            "column": 1
          }
        },
        "line": 33
      },
      "2": {
        "name": "(anonymous_2)",
        "decl": {
          "start": {
            "line": 41,
            "column": 14
          },
          "end": {
            "line": 41,
            "column": 15
          }
        },
        "loc": {
          "start": {
            "line": 41,
            "column": 20
          },
          "end": {
            "line": 43,
            "column": 5
          }
        },
        "line": 41
      },
      "3": {
        "name": "(anonymous_3)",
        "decl": {
          "start": {
            "line": 45,
            "column": 14
          },
          "end": {
            "line": 45,
            "column": 15
          }
        },
        "loc": {
          "start": {
            "line": 45,
            "column": 20
          },
          "end": {
            "line": 54,
            "column": 5
          }
        },
        "line": 45
      },
      "4": {
        "name": "(anonymous_4)",
        "decl": {
          "start": {
            "line": 56,
            "column": 28
          },
          "end": {
            "line": 56,
            "column": 29
          }
        },
        "loc": {
          "start": {
            "line": 56,
            "column": 34
          },
          "end": {
            "line": 61,
            "column": 5
          }
        },
        "line": 56
      },
      "5": {
        "name": "(anonymous_5)",
        "decl": {
          "start": {
            "line": 58,
            "column": 32
          },
          "end": {
            "line": 58,
            "column": 33
          }
        },
        "loc": {
          "start": {
            "line": 58,
            "column": 38
          },
          "end": {
            "line": 58,
            "column": 55
          }
        },
        "line": 58
      },
      "6": {
        "name": "(anonymous_6)",
        "decl": {
          "start": {
            "line": 58,
            "column": 46
          },
          "end": {
            "line": 58,
            "column": 47
          }
        },
        "loc": {
          "start": {
            "line": 58,
            "column": 51
          },
          "end": {
            "line": 58,
            "column": 54
          }
        },
        "line": 58
      },
      "7": {
        "name": "(anonymous_7)",
        "decl": {
          "start": {
            "line": 89,
            "column": 24
          },
          "end": {
            "line": 89,
            "column": 25
          }
        },
        "loc": {
          "start": {
            "line": 89,
            "column": 31
          },
          "end": {
            "line": 89,
            "column": 57
          }
        },
        "line": 89
      }
    },
    "branchMap": {
      "0": {
        "loc": {
          "start": {
            "line": 46,
            "column": 6
          },
          "end": {
            "line": 53,
            "column": 7
          }
        },
        "type": "if",
        "locations": [
          {
            "start": {
              "line": 46,
              "column": 6
            },
            "end": {
              "line": 53,
              "column": 7
            }
          },
          {
            "start": {
              "line": 46,
              "column": 6
            },
            "end": {
              "line": 53,
              "column": 7
            }
          }
        ],
        "line": 46
      },
      "1": {
        "loc": {
          "start": {
            "line": 46,
            "column": 10
          },
          "end": {
            "line": 46,
            "column": 31
          }
        },
        "type": "binary-expr",
        "locations": [
          {
            "start": {
              "line": 46,
              "column": 10
            },
            "end": {
              "line": 46,
              "column": 18
            }
          },
          {
            "start": {
              "line": 46,
              "column": 22
            },
            "end": {
              "line": 46,
              "column": 31
            }
          }
        ],
        "line": 46
      }
    },
    "s": {
      "0": 3,
      "1": 0,
      "2": 0,
      "3": 0,
      "4": 0,
      "5": 0,
      "6": 0,
      "7": 0,
      "8": 0,
      "9": 0,
      "10": 0,
      "11": 0,
      "12": 0,
      "13": 0,
      "14": 0,
      "15": 0,
      "16": 0,
      "17": 0,
      "18": 0,
      "19": 0,
      "20": 0,
      "21": 0,
      "22": 0,
      "23": 0
    },
    "f": {
      "0": 0,
      "1": 0,
      "2": 0,
      "3": 0,
      "4": 0,
      "5": 0,
      "6": 0,
      "7": 0
    },
    "b": {
      "0": [
        0,
        0
      ],
      "1": [
        0,
        0
      ]
    },
    "_coverageSchema": "1a1c01bbd47fc00a2c39e90264f33305004495a9",
    "hash": "a468be554ade9d91cb7da42dd0c82f4e97c2908b"
  },
  "D:\\study\\FYP\\WE_front\\src\\index.js": {
    "path": "D:\\study\\FYP\\WE_front\\src\\index.js",
    "statementMap": {
      "0": {
        "start": {
          "line": 16,
          "column": 12
        },
        "end": {
          "line": 59,
          "column": 1
        }
      },
      "1": {
        "start": {
          "line": 17,
          "column": 23
        },
        "end": {
          "line": 34,
          "column": 1
        }
      },
      "2": {
        "start": {
          "line": 18,
          "column": 32
        },
        "end": {
          "line": 18,
          "column": 62
        }
      },
      "3": {
        "start": {
          "line": 19,
          "column": 34
        },
        "end": {
          "line": 19,
          "column": 55
        }
      },
      "4": {
        "start": {
          "line": 20,
          "column": 4
        },
        "end": {
          "line": 27,
          "column": 7
        }
      },
      "5": {
        "start": {
          "line": 21,
          "column": 25
        },
        "end": {
          "line": 24,
          "column": 9
        }
      },
      "6": {
        "start": {
          "line": 22,
          "column": 12
        },
        "end": {
          "line": 22,
          "column": 47
        }
      },
      "7": {
        "start": {
          "line": 23,
          "column": 12
        },
        "end": {
          "line": 23,
          "column": 37
        }
      },
      "8": {
        "start": {
          "line": 25,
          "column": 8
        },
        "end": {
          "line": 25,
          "column": 52
        }
      },
      "9": {
        "start": {
          "line": 26,
          "column": 8
        },
        "end": {
          "line": 26,
          "column": 68
        }
      },
      "10": {
        "start": {
          "line": 26,
          "column": 21
        },
        "end": {
          "line": 26,
          "column": 67
        }
      },
      "11": {
        "start": {
          "line": 29,
          "column": 4
        },
        "end": {
          "line": 33,
          "column": 6
        }
      },
      "12": {
        "start": {
          "line": 35,
          "column": 2
        },
        "end": {
          "line": 58,
          "column": 4
        }
      },
      "13": {
        "start": {
          "line": 61,
          "column": 0
        },
        "end": {
          "line": 61,
          "column": 58
        }
      }
    },
    "fnMap": {
      "0": {
        "name": "(anonymous_0)",
        "decl": {
          "start": {
            "line": 16,
            "column": 12
          },
          "end": {
            "line": 16,
            "column": 13
          }
        },
        "loc": {
          "start": {
            "line": 16,
            "column": 18
          },
          "end": {
            "line": 59,
            "column": 1
          }
        },
        "line": 16
      },
      "1": {
        "name": "(anonymous_1)",
        "decl": {
          "start": {
            "line": 17,
            "column": 23
          },
          "end": {
            "line": 17,
            "column": 24
          }
        },
        "loc": {
          "start": {
            "line": 17,
            "column": 29
          },
          "end": {
            "line": 34,
            "column": 1
          }
        },
        "line": 17
      },
      "2": {
        "name": "(anonymous_2)",
        "decl": {
          "start": {
            "line": 20,
            "column": 20
          },
          "end": {
            "line": 20,
            "column": 21
          }
        },
        "loc": {
          "start": {
            "line": 20,
            "column": 26
          },
          "end": {
            "line": 27,
            "column": 5
          }
        },
        "line": 20
      },
      "3": {
        "name": "(anonymous_3)",
        "decl": {
          "start": {
            "line": 21,
            "column": 25
          },
          "end": {
            "line": 21,
            "column": 26
          }
        },
        "loc": {
          "start": {
            "line": 21,
            "column": 31
          },
          "end": {
            "line": 24,
            "column": 9
          }
        },
        "line": 21
      },
      "4": {
        "name": "(anonymous_4)",
        "decl": {
          "start": {
            "line": 26,
            "column": 15
          },
          "end": {
            "line": 26,
            "column": 16
          }
        },
        "loc": {
          "start": {
            "line": 26,
            "column": 21
          },
          "end": {
            "line": 26,
            "column": 67
          }
        },
        "line": 26
      }
    },
    "branchMap": {
      "0": {
        "loc": {
          "start": {
            "line": 31,
            "column": 13
          },
          "end": {
            "line": 31,
            "column": 63
          }
        },
        "type": "binary-expr",
        "locations": [
          {
            "start": {
              "line": 31,
              "column": 13
            },
            "end": {
              "line": 31,
              "column": 20
            }
          },
          {
            "start": {
              "line": 31,
              "column": 39
            },
            "end": {
              "line": 31,
              "column": 53
            }
          }
        ],
        "line": 31
      }
    },
    "s": {
      "0": 3,
      "1": 3,
      "2": 12,
      "3": 12,
      "4": 12,
      "5": 12,
      "6": 6,
      "7": 6,
      "8": 12,
      "9": 12,
      "10": 9,
      "11": 12,
      "12": 3,
      "13": 3
    },
    "f": {
      "0": 3,
      "1": 12,
      "2": 12,
      "3": 6,
      "4": 9
    },
    "b": {
      "0": [
        12,
        9
      ]
    },
    "_coverageSchema": "1a1c01bbd47fc00a2c39e90264f33305004495a9",
    "hash": "366c3fca6ca2d1f8baf6bfd4f3a2d07813ec38d9"
  }
}